{"G:\\Code\\FoodIQ\\utils.js": {"path":"G:\\Code\\FoodIQ\\utils.js","statementMap":{"0":{"start":{"line":1,"column":21},"end":{"line":1,"column":77}},"1":{"start":{"line":2,"column":16},"end":{"line":2,"column":50}},"2":{"start":{"line":3,"column":17},"end":{"line":3,"column":59}},"3":{"start":{"line":4,"column":20},"end":{"line":4,"column":78}},"4":{"start":{"line":5,"column":21},"end":{"line":5,"column":98}},"5":{"start":{"line":8,"column":2},"end":{"line":8,"column":53}},"6":{"start":{"line":8,"column":43},"end":{"line":8,"column":53}},"7":{"start":{"line":9,"column":2},"end":{"line":12,"column":21}},"8":{"start":{"line":11,"column":17},"end":{"line":11,"column":42}},"9":{"start":{"line":16,"column":16},"end":{"line":16,"column":42}},"10":{"start":{"line":17,"column":16},"end":{"line":20,"column":3}},"11":{"start":{"line":18,"column":18},"end":{"line":18,"column":38}},"12":{"start":{"line":19,"column":4},"end":{"line":19,"column":47}},"13":{"start":{"line":22,"column":2},"end":{"line":28,"column":4}},"14":{"start":{"line":32,"column":14},"end":{"line":32,"column":16}},"15":{"start":{"line":33,"column":2},"end":{"line":35,"column":49}},"16":{"start":{"line":33,"column":31},"end":{"line":33,"column":43}},"17":{"start":{"line":34,"column":7},"end":{"line":35,"column":49}},"18":{"start":{"line":34,"column":35},"end":{"line":34,"column":46}},"19":{"start":{"line":35,"column":7},"end":{"line":35,"column":49}},"20":{"start":{"line":35,"column":38},"end":{"line":35,"column":49}},"21":{"start":{"line":37,"column":2},"end":{"line":40,"column":47}},"22":{"start":{"line":37,"column":28},"end":{"line":37,"column":40}},"23":{"start":{"line":38,"column":7},"end":{"line":40,"column":47}},"24":{"start":{"line":38,"column":33},"end":{"line":38,"column":45}},"25":{"start":{"line":39,"column":7},"end":{"line":40,"column":47}},"26":{"start":{"line":39,"column":33},"end":{"line":39,"column":44}},"27":{"start":{"line":40,"column":7},"end":{"line":40,"column":47}},"28":{"start":{"line":40,"column":36},"end":{"line":40,"column":47}},"29":{"start":{"line":42,"column":2},"end":{"line":44,"column":45}},"30":{"start":{"line":42,"column":26},"end":{"line":42,"column":38}},"31":{"start":{"line":43,"column":7},"end":{"line":44,"column":45}},"32":{"start":{"line":43,"column":31},"end":{"line":43,"column":43}},"33":{"start":{"line":44,"column":7},"end":{"line":44,"column":45}},"34":{"start":{"line":44,"column":34},"end":{"line":44,"column":45}},"35":{"start":{"line":46,"column":2},"end":{"line":48,"column":48}},"36":{"start":{"line":46,"column":31},"end":{"line":46,"column":43}},"37":{"start":{"line":47,"column":7},"end":{"line":48,"column":48}},"38":{"start":{"line":47,"column":36},"end":{"line":47,"column":48}},"39":{"start":{"line":48,"column":7},"end":{"line":48,"column":48}},"40":{"start":{"line":48,"column":37},"end":{"line":48,"column":48}},"41":{"start":{"line":50,"column":2},"end":{"line":52,"column":50}},"42":{"start":{"line":50,"column":32},"end":{"line":50,"column":44}},"43":{"start":{"line":51,"column":7},"end":{"line":52,"column":50}},"44":{"start":{"line":51,"column":36},"end":{"line":51,"column":47}},"45":{"start":{"line":52,"column":7},"end":{"line":52,"column":50}},"46":{"start":{"line":52,"column":39},"end":{"line":52,"column":50}},"47":{"start":{"line":54,"column":2},"end":{"line":54,"column":55}},"48":{"start":{"line":58,"column":15},"end":{"line":58,"column":50}},"49":{"start":{"line":59,"column":20},"end":{"line":59,"column":22}},"50":{"start":{"line":60,"column":15},"end":{"line":60,"column":32}},"51":{"start":{"line":61,"column":19},"end":{"line":61,"column":21}},"52":{"start":{"line":63,"column":2},"end":{"line":104,"column":3}},"53":{"start":{"line":64,"column":4},"end":{"line":69,"column":7}},"54":{"start":{"line":65,"column":6},"end":{"line":68,"column":7}},"55":{"start":{"line":66,"column":8},"end":{"line":66,"column":46}},"56":{"start":{"line":67,"column":8},"end":{"line":67,"column":26}},"57":{"start":{"line":71,"column":4},"end":{"line":75,"column":7}},"58":{"start":{"line":72,"column":6},"end":{"line":74,"column":7}},"59":{"start":{"line":73,"column":8},"end":{"line":73,"column":26}},"60":{"start":{"line":77,"column":24},"end":{"line":77,"column":72}},"61":{"start":{"line":77,"column":52},"end":{"line":77,"column":71}},"62":{"start":{"line":78,"column":4},"end":{"line":84,"column":5}},"63":{"start":{"line":79,"column":6},"end":{"line":79,"column":72}},"64":{"start":{"line":80,"column":11},"end":{"line":84,"column":5}},"65":{"start":{"line":81,"column":6},"end":{"line":81,"column":52}},"66":{"start":{"line":83,"column":6},"end":{"line":83,"column":49}},"67":{"start":{"line":85,"column":9},"end":{"line":104,"column":3}},"68":{"start":{"line":86,"column":4},"end":{"line":91,"column":7}},"69":{"start":{"line":87,"column":6},"end":{"line":90,"column":7}},"70":{"start":{"line":88,"column":8},"end":{"line":88,"column":51}},"71":{"start":{"line":89,"column":8},"end":{"line":89,"column":26}},"72":{"start":{"line":93,"column":4},"end":{"line":97,"column":7}},"73":{"start":{"line":94,"column":6},"end":{"line":96,"column":7}},"74":{"start":{"line":95,"column":8},"end":{"line":95,"column":26}},"75":{"start":{"line":99,"column":4},"end":{"line":103,"column":5}},"76":{"start":{"line":100,"column":6},"end":{"line":100,"column":66}},"77":{"start":{"line":102,"column":6},"end":{"line":102,"column":64}},"78":{"start":{"line":106,"column":2},"end":{"line":106,"column":68}},"79":{"start":{"line":110,"column":16},"end":{"line":110,"column":47}},"80":{"start":{"line":111,"column":20},"end":{"line":111,"column":100}},"81":{"start":{"line":112,"column":2},"end":{"line":112,"column":72}},"82":{"start":{"line":112,"column":32},"end":{"line":112,"column":52}},"83":{"start":{"line":115,"column":0},"end":{"line":124,"column":1}},"84":{"start":{"line":116,"column":2},"end":{"line":116,"column":38}},"85":{"start":{"line":117,"column":2},"end":{"line":123,"column":5}},"86":{"start":{"line":126,"column":0},"end":{"line":134,"column":1}},"87":{"start":{"line":127,"column":2},"end":{"line":133,"column":4}}},"fnMap":{"0":{"name":"normalizeAllergies","decl":{"start":{"line":7,"column":9},"end":{"line":7,"column":27}},"loc":{"start":{"line":7,"column":35},"end":{"line":13,"column":1}},"line":7},"1":{"name":"(anonymous_1)","decl":{"start":{"line":11,"column":9},"end":{"line":11,"column":10}},"loc":{"start":{"line":11,"column":17},"end":{"line":11,"column":42}},"line":11},"2":{"name":"extractNutrients","decl":{"start":{"line":15,"column":9},"end":{"line":15,"column":25}},"loc":{"start":{"line":15,"column":32},"end":{"line":29,"column":1}},"line":15},"3":{"name":"(anonymous_3)","decl":{"start":{"line":17,"column":16},"end":{"line":17,"column":17}},"loc":{"start":{"line":17,"column":29},"end":{"line":20,"column":3}},"line":17},"4":{"name":"computeHealthScore","decl":{"start":{"line":31,"column":9},"end":{"line":31,"column":27}},"loc":{"start":{"line":31,"column":39},"end":{"line":55,"column":1}},"line":31},"5":{"name":"analyzeText","decl":{"start":{"line":57,"column":9},"end":{"line":57,"column":20}},"loc":{"start":{"line":57,"column":46},"end":{"line":107,"column":1}},"line":57},"6":{"name":"(anonymous_6)","decl":{"start":{"line":64,"column":20},"end":{"line":64,"column":21}},"loc":{"start":{"line":64,"column":30},"end":{"line":69,"column":5}},"line":64},"7":{"name":"(anonymous_7)","decl":{"start":{"line":71,"column":21},"end":{"line":71,"column":22}},"loc":{"start":{"line":71,"column":31},"end":{"line":75,"column":5}},"line":71},"8":{"name":"(anonymous_8)","decl":{"start":{"line":77,"column":42},"end":{"line":77,"column":43}},"loc":{"start":{"line":77,"column":52},"end":{"line":77,"column":71}},"line":77},"9":{"name":"(anonymous_9)","decl":{"start":{"line":86,"column":24},"end":{"line":86,"column":25}},"loc":{"start":{"line":86,"column":34},"end":{"line":91,"column":5}},"line":86},"10":{"name":"(anonymous_10)","decl":{"start":{"line":93,"column":25},"end":{"line":93,"column":26}},"loc":{"start":{"line":93,"column":35},"end":{"line":97,"column":5}},"line":93},"11":{"name":"getDetectedModeFromClassName","decl":{"start":{"line":109,"column":9},"end":{"line":109,"column":37}},"loc":{"start":{"line":109,"column":49},"end":{"line":113,"column":1}},"line":109},"12":{"name":"(anonymous_12)","decl":{"start":{"line":112,"column":24},"end":{"line":112,"column":25}},"loc":{"start":{"line":112,"column":32},"end":{"line":112,"column":52}},"line":112}},"branchMap":{"0":{"loc":{"start":{"line":8,"column":2},"end":{"line":8,"column":53}},"type":"if","locations":[{"start":{"line":8,"column":2},"end":{"line":8,"column":53}},{"start":{},"end":{}}],"line":8},"1":{"loc":{"start":{"line":8,"column":6},"end":{"line":8,"column":41}},"type":"binary-expr","locations":[{"start":{"line":8,"column":6},"end":{"line":8,"column":12}},{"start":{"line":8,"column":16},"end":{"line":8,"column":41}}],"line":8},"2":{"loc":{"start":{"line":19,"column":11},"end":{"line":19,"column":46}},"type":"cond-expr","locations":[{"start":{"line":19,"column":19},"end":{"line":19,"column":39}},{"start":{"line":19,"column":42},"end":{"line":19,"column":46}}],"line":19},"3":{"loc":{"start":{"line":33,"column":2},"end":{"line":35,"column":49}},"type":"if","locations":[{"start":{"line":33,"column":2},"end":{"line":35,"column":49}},{"start":{"line":34,"column":7},"end":{"line":35,"column":49}}],"line":33},"4":{"loc":{"start":{"line":34,"column":7},"end":{"line":35,"column":49}},"type":"if","locations":[{"start":{"line":34,"column":7},"end":{"line":35,"column":49}},{"start":{"line":35,"column":7},"end":{"line":35,"column":49}}],"line":34},"5":{"loc":{"start":{"line":35,"column":7},"end":{"line":35,"column":49}},"type":"if","locations":[{"start":{"line":35,"column":7},"end":{"line":35,"column":49}},{"start":{},"end":{}}],"line":35},"6":{"loc":{"start":{"line":37,"column":2},"end":{"line":40,"column":47}},"type":"if","locations":[{"start":{"line":37,"column":2},"end":{"line":40,"column":47}},{"start":{"line":38,"column":7},"end":{"line":40,"column":47}}],"line":37},"7":{"loc":{"start":{"line":38,"column":7},"end":{"line":40,"column":47}},"type":"if","locations":[{"start":{"line":38,"column":7},"end":{"line":40,"column":47}},{"start":{"line":39,"column":7},"end":{"line":40,"column":47}}],"line":38},"8":{"loc":{"start":{"line":39,"column":7},"end":{"line":40,"column":47}},"type":"if","locations":[{"start":{"line":39,"column":7},"end":{"line":40,"column":47}},{"start":{"line":40,"column":7},"end":{"line":40,"column":47}}],"line":39},"9":{"loc":{"start":{"line":40,"column":7},"end":{"line":40,"column":47}},"type":"if","locations":[{"start":{"line":40,"column":7},"end":{"line":40,"column":47}},{"start":{},"end":{}}],"line":40},"10":{"loc":{"start":{"line":42,"column":2},"end":{"line":44,"column":45}},"type":"if","locations":[{"start":{"line":42,"column":2},"end":{"line":44,"column":45}},{"start":{"line":43,"column":7},"end":{"line":44,"column":45}}],"line":42},"11":{"loc":{"start":{"line":43,"column":7},"end":{"line":44,"column":45}},"type":"if","locations":[{"start":{"line":43,"column":7},"end":{"line":44,"column":45}},{"start":{"line":44,"column":7},"end":{"line":44,"column":45}}],"line":43},"12":{"loc":{"start":{"line":44,"column":7},"end":{"line":44,"column":45}},"type":"if","locations":[{"start":{"line":44,"column":7},"end":{"line":44,"column":45}},{"start":{},"end":{}}],"line":44},"13":{"loc":{"start":{"line":46,"column":2},"end":{"line":48,"column":48}},"type":"if","locations":[{"start":{"line":46,"column":2},"end":{"line":48,"column":48}},{"start":{"line":47,"column":7},"end":{"line":48,"column":48}}],"line":46},"14":{"loc":{"start":{"line":47,"column":7},"end":{"line":48,"column":48}},"type":"if","locations":[{"start":{"line":47,"column":7},"end":{"line":48,"column":48}},{"start":{"line":48,"column":7},"end":{"line":48,"column":48}}],"line":47},"15":{"loc":{"start":{"line":48,"column":7},"end":{"line":48,"column":48}},"type":"if","locations":[{"start":{"line":48,"column":7},"end":{"line":48,"column":48}},{"start":{},"end":{}}],"line":48},"16":{"loc":{"start":{"line":50,"column":2},"end":{"line":52,"column":50}},"type":"if","locations":[{"start":{"line":50,"column":2},"end":{"line":52,"column":50}},{"start":{"line":51,"column":7},"end":{"line":52,"column":50}}],"line":50},"17":{"loc":{"start":{"line":51,"column":7},"end":{"line":52,"column":50}},"type":"if","locations":[{"start":{"line":51,"column":7},"end":{"line":52,"column":50}},{"start":{"line":52,"column":7},"end":{"line":52,"column":50}}],"line":51},"18":{"loc":{"start":{"line":52,"column":7},"end":{"line":52,"column":50}},"type":"if","locations":[{"start":{"line":52,"column":7},"end":{"line":52,"column":50}},{"start":{},"end":{}}],"line":52},"19":{"loc":{"start":{"line":63,"column":2},"end":{"line":104,"column":3}},"type":"if","locations":[{"start":{"line":63,"column":2},"end":{"line":104,"column":3}},{"start":{"line":85,"column":9},"end":{"line":104,"column":3}}],"line":63},"20":{"loc":{"start":{"line":65,"column":6},"end":{"line":68,"column":7}},"type":"if","locations":[{"start":{"line":65,"column":6},"end":{"line":68,"column":7}},{"start":{},"end":{}}],"line":65},"21":{"loc":{"start":{"line":72,"column":6},"end":{"line":74,"column":7}},"type":"if","locations":[{"start":{"line":72,"column":6},"end":{"line":74,"column":7}},{"start":{},"end":{}}],"line":72},"22":{"loc":{"start":{"line":78,"column":4},"end":{"line":84,"column":5}},"type":"if","locations":[{"start":{"line":78,"column":4},"end":{"line":84,"column":5}},{"start":{"line":80,"column":11},"end":{"line":84,"column":5}}],"line":78},"23":{"loc":{"start":{"line":80,"column":11},"end":{"line":84,"column":5}},"type":"if","locations":[{"start":{"line":80,"column":11},"end":{"line":84,"column":5}},{"start":{"line":82,"column":11},"end":{"line":84,"column":5}}],"line":80},"24":{"loc":{"start":{"line":85,"column":9},"end":{"line":104,"column":3}},"type":"if","locations":[{"start":{"line":85,"column":9},"end":{"line":104,"column":3}},{"start":{},"end":{}}],"line":85},"25":{"loc":{"start":{"line":85,"column":13},"end":{"line":85,"column":59}},"type":"binary-expr","locations":[{"start":{"line":85,"column":13},"end":{"line":85,"column":36}},{"start":{"line":85,"column":40},"end":{"line":85,"column":59}}],"line":85},"26":{"loc":{"start":{"line":87,"column":6},"end":{"line":90,"column":7}},"type":"if","locations":[{"start":{"line":87,"column":6},"end":{"line":90,"column":7}},{"start":{},"end":{}}],"line":87},"27":{"loc":{"start":{"line":94,"column":6},"end":{"line":96,"column":7}},"type":"if","locations":[{"start":{"line":94,"column":6},"end":{"line":96,"column":7}},{"start":{},"end":{}}],"line":94},"28":{"loc":{"start":{"line":99,"column":4},"end":{"line":103,"column":5}},"type":"if","locations":[{"start":{"line":99,"column":4},"end":{"line":103,"column":5}},{"start":{"line":101,"column":11},"end":{"line":103,"column":5}}],"line":99},"29":{"loc":{"start":{"line":112,"column":9},"end":{"line":112,"column":71}},"type":"cond-expr","locations":[{"start":{"line":112,"column":56},"end":{"line":112,"column":62}},{"start":{"line":112,"column":65},"end":{"line":112,"column":71}}],"line":112},"30":{"loc":{"start":{"line":115,"column":0},"end":{"line":124,"column":1}},"type":"if","locations":[{"start":{"line":115,"column":0},"end":{"line":124,"column":1}},{"start":{},"end":{}}],"line":115},"31":{"loc":{"start":{"line":116,"column":18},"end":{"line":116,"column":37}},"type":"binary-expr","locations":[{"start":{"line":116,"column":18},"end":{"line":116,"column":31}},{"start":{"line":116,"column":35},"end":{"line":116,"column":37}}],"line":116},"32":{"loc":{"start":{"line":126,"column":0},"end":{"line":134,"column":1}},"type":"if","locations":[{"start":{"line":126,"column":0},"end":{"line":134,"column":1}},{"start":{},"end":{}}],"line":126},"33":{"loc":{"start":{"line":126,"column":4},"end":{"line":126,"column":51}},"type":"binary-expr","locations":[{"start":{"line":126,"column":4},"end":{"line":126,"column":33}},{"start":{"line":126,"column":37},"end":{"line":126,"column":51}}],"line":126}},"s":{"0":1,"1":1,"2":1,"3":1,"4":1,"5":1,"6":0,"7":1,"8":3,"9":1,"10":1,"11":5,"12":5,"13":1,"14":1,"15":1,"16":1,"17":0,"18":0,"19":0,"20":0,"21":1,"22":0,"23":1,"24":0,"25":1,"26":0,"27":1,"28":1,"29":1,"30":0,"31":1,"32":0,"33":1,"34":1,"35":1,"36":0,"37":1,"38":0,"39":1,"40":1,"41":1,"42":0,"43":1,"44":0,"45":1,"46":1,"47":1,"48":2,"49":2,"50":2,"51":2,"52":2,"53":1,"54":4,"55":1,"56":1,"57":1,"58":4,"59":1,"60":1,"61":1,"62":1,"63":0,"64":1,"65":1,"66":0,"67":1,"68":1,"69":5,"70":1,"71":1,"72":1,"73":6,"74":1,"75":1,"76":1,"77":0,"78":2,"79":2,"80":2,"81":2,"82":9,"83":1,"84":0,"85":0,"86":1,"87":1},"f":{"0":1,"1":3,"2":1,"3":5,"4":1,"5":2,"6":4,"7":4,"8":1,"9":5,"10":6,"11":2,"12":9},"b":{"0":[0,1],"1":[1,1],"2":[5,0],"3":[1,0],"4":[0,0],"5":[0,0],"6":[0,1],"7":[0,1],"8":[0,1],"9":[1,0],"10":[0,1],"11":[0,1],"12":[1,0],"13":[0,1],"14":[0,1],"15":[1,0],"16":[0,1],"17":[0,1],"18":[1,0],"19":[1,1],"20":[1,3],"21":[1,3],"22":[0,1],"23":[1,0],"24":[1,0],"25":[1,1],"26":[1,4],"27":[1,5],"28":[1,0],"29":[1,1],"30":[0,1],"31":[0,0],"32":[1,0],"33":[1,1]},"_coverageSchema":"1a1c01bbd47fc00a2c39e90264f33305004495a9","hash":"320cd11f75b9ca47b0376ef40e97d2f4aaab3ce7"}
}
