TN:
SF:utils.js
FN:7,normalizeAllergies
FN:11,(anonymous_1)
FN:15,extractNutrients
FN:17,(anonymous_3)
FN:31,computeHealthScore
FN:57,analyzeText
FN:64,(anonymous_6)
FN:71,(anonymous_7)
FN:77,(anonymous_8)
FN:86,(anonymous_9)
FN:93,(anonymous_10)
FN:109,getDetectedModeFromClassName
FN:112,(anonymous_12)
FNF:13
FNH:13
FNDA:1,normalizeAllergies
FNDA:3,(anonymous_1)
FNDA:1,extractNutrients
FNDA:5,(anonymous_3)
FNDA:1,computeHealthScore
FNDA:2,analyzeText
FNDA:4,(anonymous_6)
FNDA:4,(anonymous_7)
FNDA:1,(anonymous_8)
FNDA:5,(anonymous_9)
FNDA:6,(anonymous_10)
FNDA:2,getDetectedModeFromClassName
FNDA:9,(anonymous_12)
DA:1,1
DA:2,1
DA:3,1
DA:4,1
DA:5,1
DA:8,1
DA:9,1
DA:11,3
DA:16,1
DA:17,1
DA:18,5
DA:19,5
DA:22,1
DA:32,1
DA:33,1
DA:34,0
DA:35,0
DA:37,1
DA:38,1
DA:39,1
DA:40,1
DA:42,1
DA:43,1
DA:44,1
DA:46,1
DA:47,1
DA:48,1
DA:50,1
DA:51,1
DA:52,1
DA:54,1
DA:58,2
DA:59,2
DA:60,2
DA:61,2
DA:63,2
DA:64,1
DA:65,4
DA:66,1
DA:67,1
DA:71,1
DA:72,4
DA:73,1
DA:77,1
DA:78,1
DA:79,0
DA:80,1
DA:81,1
DA:83,0
DA:85,1
DA:86,1
DA:87,5
DA:88,1
DA:89,1
DA:93,1
DA:94,6
DA:95,1
DA:99,1
DA:100,1
DA:102,0
DA:106,2
DA:110,2
DA:111,2
DA:112,9
DA:115,1
DA:116,0
DA:117,0
DA:126,1
DA:127,1
LF:69
LH:62
BRDA:8,0,0,0
BRDA:8,0,1,1
BRDA:8,1,0,1
BRDA:8,1,1,1
BRDA:19,2,0,5
BRDA:19,2,1,0
BRDA:33,3,0,1
BRDA:33,3,1,0
BRDA:34,4,0,0
BRDA:34,4,1,0
BRDA:35,5,0,0
BRDA:35,5,1,0
BRDA:37,6,0,0
BRDA:37,6,1,1
BRDA:38,7,0,0
BRDA:38,7,1,1
BRDA:39,8,0,0
BRDA:39,8,1,1
BRDA:40,9,0,1
BRDA:40,9,1,0
BRDA:42,10,0,0
BRDA:42,10,1,1
BRDA:43,11,0,0
BRDA:43,11,1,1
BRDA:44,12,0,1
BRDA:44,12,1,0
BRDA:46,13,0,0
BRDA:46,13,1,1
BRDA:47,14,0,0
BRDA:47,14,1,1
BRDA:48,15,0,1
BRDA:48,15,1,0
BRDA:50,16,0,0
BRDA:50,16,1,1
BRDA:51,17,0,0
BRDA:51,17,1,1
BRDA:52,18,0,1
BRDA:52,18,1,0
BRDA:63,19,0,1
BRDA:63,19,1,1
BRDA:65,20,0,1
BRDA:65,20,1,3
BRDA:72,21,0,1
BRDA:72,21,1,3
BRDA:78,22,0,0
BRDA:78,22,1,1
BRDA:80,23,0,1
BRDA:80,23,1,0
BRDA:85,24,0,1
BRDA:85,24,1,0
BRDA:85,25,0,1
BRDA:85,25,1,1
BRDA:87,26,0,1
BRDA:87,26,1,4
BRDA:94,27,0,1
BRDA:94,27,1,5
BRDA:99,28,0,1
BRDA:99,28,1,0
BRDA:112,29,0,1
BRDA:112,29,1,1
BRDA:115,30,0,0
BRDA:115,30,1,1
BRDA:116,31,0,0
BRDA:116,31,1,0
BRDA:126,32,0,1
BRDA:126,32,1,0
BRDA:126,33,0,1
BRDA:126,33,1,1
BRF:68
BRH:40
end_of_record
